;  LST file generated by mikroListExporter - v.2.0 
; Date/Time: 23-Jun-16 7:22:33 PM
;----------------------------------------------

;Address Opcode 	ASM
0x0000	0x2A10      	GOTO       528
_interrupt:
0x0004	0x00FF      	MOVWF      R15
0x0005	0x0E03      	SWAPF      STATUS, 0
0x0006	0x0183      	CLRF       STATUS
0x0007	0x00D9      	MOVWF      ___saveSTATUS
0x0008	0x080A      	MOVF       PCLATH, 0
0x0009	0x00D8      	MOVWF      ___savePCLATH
0x000A	0x018A      	CLRF       PCLATH
0x000B	0x0870      	MOVF       R0, 0
0x000C	0x00A2      	MOVWF      34
0x000D	0x087C      	MOVF       R12, 0
0x000E	0x00A1      	MOVWF      33
0x000F	0x087D      	MOVF       R13, 0
0x0010	0x00A0      	MOVWF      32
;CarOverspeedCheck.c,22 :: 		void interrupt()
;CarOverspeedCheck.c,24 :: 		if(PIR1.TMR2IF == 1) {
0x0011	0x1C8C      	BTFSS      PIR1, 1
0x0012	0x2817      	GOTO       L_interrupt0
;CarOverspeedCheck.c,25 :: 		counter++;
0x0013	0x0AD5      	INCF       _counter, 1
0x0014	0x1903      	BTFSC      STATUS, 2
0x0015	0x0AD6      	INCF       _counter+1, 1
;CarOverspeedCheck.c,26 :: 		PIR1.TMR2IF = 0;
0x0016	0x108C      	BCF        PIR1, 1
;CarOverspeedCheck.c,28 :: 		}
L_interrupt0:
;CarOverspeedCheck.c,29 :: 		if(INTCON.RBIF == 1)                      //Makes sure that it is PORTB On-Change Interrupt
0x0017	0x1C0B      	BTFSS      INTCON, 0
0x0018	0x283A      	GOTO       L_interrupt1
;CarOverspeedCheck.c,31 :: 		INTCON.RBIE = 0;
0x0019	0x118B      	BCF        INTCON, 3
;CarOverspeedCheck.c,32 :: 		if (PORTB.F5)  {
0x001A	0x1E86      	BTFSS      PORTB, 5
0x001B	0x282C      	GOTO       L_interrupt2
;CarOverspeedCheck.c,33 :: 		Delay_ms(50);
0x001C	0x3082      	MOVLW      130
0x001D	0x00FC      	MOVWF      R12
0x001E	0x30DD      	MOVLW      221
0x001F	0x00FD      	MOVWF      R13
L_interrupt3:
0x0020	0x0BFD      	DECFSZ     R13, 1
0x0021	0x2820      	GOTO       L_interrupt3
0x0022	0x0BFC      	DECFSZ     R12, 1
0x0023	0x2820      	GOTO       L_interrupt3
0x0024	0x0000      	NOP
0x0025	0x0000      	NOP
;CarOverspeedCheck.c,34 :: 		counter = 0;
0x0026	0x01D5      	CLRF       _counter
0x0027	0x01D6      	CLRF       _counter+1
;CarOverspeedCheck.c,35 :: 		T2CON = 0b00111111;               //Start Timer
0x0028	0x303F      	MOVLW      63
0x0029	0x0092      	MOVWF      T2CON
;CarOverspeedCheck.c,36 :: 		PORTC.F1 = 0;
0x002A	0x1087      	BCF        PORTC, 1
;CarOverspeedCheck.c,37 :: 		}
0x002B	0x283A      	GOTO       L_interrupt4
L_interrupt2:
;CarOverspeedCheck.c,38 :: 		else if(PORTB.F7){
0x002C	0x1F86      	BTFSS      PORTB, 7
0x002D	0x283A      	GOTO       L_interrupt5
;CarOverspeedCheck.c,39 :: 		T2CON = 0b00111011;                //Stop Timer
0x002E	0x303B      	MOVLW      59
0x002F	0x0092      	MOVWF      T2CON
;CarOverspeedCheck.c,40 :: 		speed = counter;
0x0030	0x0855      	MOVF       _counter, 0
0x0031	0x00D3      	MOVWF      _speed
;CarOverspeedCheck.c,41 :: 		delay = 1;
0x0032	0x1457      	BSF        _delay, BitPos(_delay+0)
;CarOverspeedCheck.c,42 :: 		if(speed >= speedLimit) //Check overspeed
0x0033	0x0854      	MOVF       _speedLimit, 0
0x0034	0x0255      	SUBWF      _counter, 0
0x0035	0x1C03      	BTFSS      STATUS, 0
0x0036	0x2839      	GOTO       L_interrupt6
;CarOverspeedCheck.c,43 :: 		PORTC.F1=1;                             //Activate buzzer
0x0037	0x1487      	BSF        PORTC, 1
0x0038	0x283A      	GOTO       L_interrupt7
L_interrupt6:
;CarOverspeedCheck.c,45 :: 		PORTC.F1=0;
0x0039	0x1087      	BCF        PORTC, 1
L_interrupt7:
;CarOverspeedCheck.c,46 :: 		}
L_interrupt5:
L_interrupt4:
;CarOverspeedCheck.c,47 :: 		}
L_interrupt1:
;CarOverspeedCheck.c,48 :: 		INTCON.RBIF = 0;                     //Clear PORTB On-Change Interrupt flag
0x003A	0x100B      	BCF        INTCON, 0
;CarOverspeedCheck.c,49 :: 		INTCON.RBIE = 1;                     //Enable PORTB On-Change Interrupt
0x003B	0x158B      	BSF        INTCON, 3
;CarOverspeedCheck.c,50 :: 		}
L_end_interrupt:
L__interrupt16:
0x003C	0x0822      	MOVF       34, 0
0x003D	0x00F0      	MOVWF      R0
0x003E	0x0821      	MOVF       33, 0
0x003F	0x00FC      	MOVWF      R12
0x0040	0x0820      	MOVF       32, 0
0x0041	0x00FD      	MOVWF      R13
0x0042	0x0858      	MOVF       ___savePCLATH, 0
0x0043	0x008A      	MOVWF      PCLATH
0x0044	0x0E59      	SWAPF      ___saveSTATUS, 0
0x0045	0x0083      	MOVWF      STATUS
0x0046	0x0EFF      	SWAPF      R15, 1
0x0047	0x0E7F      	SWAPF      R15, 0
0x0048	0x0009      	RETFIE
; end of _interrupt
_Delay_1us:
;__Lib_Delays.c,7 :: 		void Delay_1us() {
;__Lib_Delays.c,8 :: 		Delay_us(1);
0x0049	0x0000      	NOP
0x004A	0x0000      	NOP
;__Lib_Delays.c,9 :: 		}
L_end_Delay_1us:
0x004B	0x0008      	RETURN
; end of _Delay_1us
_Delay_50us:
;__Lib_Delays.c,19 :: 		void Delay_50us() {
;__Lib_Delays.c,20 :: 		Delay_us(50);
0x004C	0x3021      	MOVLW      33
0x004D	0x1283      	BCF        STATUS, 5
0x004E	0x1303      	BCF        STATUS, 6
0x004F	0x00FD      	MOVWF      R13
L_Delay_50us2:
0x0050	0x0BFD      	DECFSZ     R13, 1
0x0051	0x2850      	GOTO       L_Delay_50us2
;__Lib_Delays.c,21 :: 		}
L_end_Delay_50us:
0x0052	0x0008      	RETURN
; end of _Delay_50us
_Delay_5500us:
;__Lib_Delays.c,31 :: 		void Delay_5500us() {
;__Lib_Delays.c,32 :: 		Delay_us(5500);
0x0053	0x300F      	MOVLW      15
0x0054	0x1283      	BCF        STATUS, 5
0x0055	0x1303      	BCF        STATUS, 6
0x0056	0x00FC      	MOVWF      R12
0x0057	0x3047      	MOVLW      71
0x0058	0x00FD      	MOVWF      R13
L_Delay_5500us5:
0x0059	0x0BFD      	DECFSZ     R13, 1
0x005A	0x2859      	GOTO       L_Delay_5500us5
0x005B	0x0BFC      	DECFSZ     R12, 1
0x005C	0x2859      	GOTO       L_Delay_5500us5
0x005D	0x0000      	NOP
0x005E	0x0000      	NOP
;__Lib_Delays.c,33 :: 		}
L_end_Delay_5500us:
0x005F	0x0008      	RETURN
; end of _Delay_5500us
_Div_16X16_U:
;__Lib_Math.c,215 :: 		
;__Lib_Math.c,222 :: 		
0x0060	0x1283      	BCF        STATUS, 5
;__Lib_Math.c,223 :: 		
0x0061	0x1303      	BCF        STATUS, 6
;__Lib_Math.c,224 :: 		
0x0062	0x01F8      	CLRF       R8
;__Lib_Math.c,225 :: 		
0x0063	0x01F9      	CLRF       R9
;__Lib_Math.c,226 :: 		
0x0064	0x3010      	MOVLW      16
;__Lib_Math.c,227 :: 		
0x0065	0x00FC      	MOVWF      R12
;__Lib_Math.c,228 :: 		
0x0066	0x0D71      	RLF        R1, 0
;__Lib_Math.c,229 :: 		
0x0067	0x0DF8      	RLF        R8, 1
;__Lib_Math.c,230 :: 		
0x0068	0x0DF9      	RLF        R9, 1
;__Lib_Math.c,231 :: 		
0x0069	0x0874      	MOVF       R4, 0
;__Lib_Math.c,232 :: 		
0x006A	0x02F8      	SUBWF      R8, 1
;__Lib_Math.c,233 :: 		
0x006B	0x0875      	MOVF       R5, 0
;__Lib_Math.c,234 :: 		
0x006C	0x1C03      	BTFSS      STATUS, 0
;__Lib_Math.c,235 :: 		
0x006D	0x0F75      	INCFSZ     R5, 0
;__Lib_Math.c,236 :: 		
0x006E	0x02F9      	SUBWF      R9, 1
;__Lib_Math.c,237 :: 		
0x006F	0x1803      	BTFSC      STATUS, 0
;__Lib_Math.c,238 :: 		
0x0070	0x2878      	GOTO       $+8
;__Lib_Math.c,239 :: 		
0x0071	0x0874      	MOVF       R4, 0
;__Lib_Math.c,240 :: 		
0x0072	0x07F8      	ADDWF      R8, 1
;__Lib_Math.c,241 :: 		
0x0073	0x0875      	MOVF       R5, 0
;__Lib_Math.c,242 :: 		
0x0074	0x1803      	BTFSC      STATUS, 0
;__Lib_Math.c,243 :: 		
0x0075	0x0F75      	INCFSZ     R5, 0
;__Lib_Math.c,244 :: 		
0x0076	0x07F9      	ADDWF      R9, 1
;__Lib_Math.c,245 :: 		
0x0077	0x1003      	BCF        STATUS, 0
;__Lib_Math.c,246 :: 		
0x0078	0x0DF0      	RLF        R0, 1
;__Lib_Math.c,247 :: 		
0x0079	0x0DF1      	RLF        R1, 1
;__Lib_Math.c,248 :: 		
0x007A	0x0BFC      	DECFSZ     R12, 1
;__Lib_Math.c,249 :: 		
0x007B	0x2866      	GOTO       $-21
;__Lib_Math.c,251 :: 		
L_end_Div_16X16_U:
0x007C	0x0008      	RETURN
; end of _Div_16X16_U
_Lcd_Cmd:
;__Lib_Lcd.c,18 :: 		
;__Lib_Lcd.c,20 :: 		
0x007D	0x1283      	BCF        STATUS, 5
0x007E	0x1303      	BCF        STATUS, 6
0x007F	0x1BEF      	BTFSC      FARG_Lcd_Cmd_out_char, 7
0x0080	0x2883      	GOTO       L__Lcd_Cmd21
0x0081	0x1388      	BCF        LCD_D7, BitPos(LCD_D7+0)
0x0082	0x2884      	GOTO       L__Lcd_Cmd22
L__Lcd_Cmd21:
0x0083	0x1788      	BSF        LCD_D7, BitPos(LCD_D7+0)
L__Lcd_Cmd22:
;__Lib_Lcd.c,21 :: 		
0x0084	0x1B6F      	BTFSC      FARG_Lcd_Cmd_out_char, 6
0x0085	0x2888      	GOTO       L__Lcd_Cmd23
0x0086	0x1308      	BCF        LCD_D6, BitPos(LCD_D6+0)
0x0087	0x2889      	GOTO       L__Lcd_Cmd24
L__Lcd_Cmd23:
0x0088	0x1708      	BSF        LCD_D6, BitPos(LCD_D6+0)
L__Lcd_Cmd24:
;__Lib_Lcd.c,22 :: 		
0x0089	0x1AEF      	BTFSC      FARG_Lcd_Cmd_out_char, 5
0x008A	0x288D      	GOTO       L__Lcd_Cmd25
0x008B	0x1288      	BCF        LCD_D5, BitPos(LCD_D5+0)
0x008C	0x288E      	GOTO       L__Lcd_Cmd26
L__Lcd_Cmd25:
0x008D	0x1688      	BSF        LCD_D5, BitPos(LCD_D5+0)
L__Lcd_Cmd26:
;__Lib_Lcd.c,23 :: 		
0x008E	0x1A6F      	BTFSC      FARG_Lcd_Cmd_out_char, 4
0x008F	0x2892      	GOTO       L__Lcd_Cmd27
0x0090	0x1208      	BCF        LCD_D4, BitPos(LCD_D4+0)
0x0091	0x2893      	GOTO       L__Lcd_Cmd28
L__Lcd_Cmd27:
0x0092	0x1608      	BSF        LCD_D4, BitPos(LCD_D4+0)
L__Lcd_Cmd28:
;__Lib_Lcd.c,25 :: 		
0x0093	0x18D7      	BTFSC      __Lib_Lcd_cmd_status, BitPos(__Lib_Lcd_cmd_status+0)
0x0094	0x2897      	GOTO       L__Lcd_Cmd29
0x0095	0x1508      	BSF        LCD_RS, BitPos(LCD_RS+0)
0x0096	0x2898      	GOTO       L__Lcd_Cmd30
L__Lcd_Cmd29:
0x0097	0x1108      	BCF        LCD_RS, BitPos(LCD_RS+0)
L__Lcd_Cmd30:
;__Lib_Lcd.c,28 :: 		
0x0098	0x1588      	BSF        LCD_EN, BitPos(LCD_EN+0)
;__Lib_Lcd.c,29 :: 		
0x0099	0x2049      	CALL       _Delay_1us
;__Lib_Lcd.c,30 :: 		
0x009A	0x1188      	BCF        LCD_EN, BitPos(LCD_EN+0)
;__Lib_Lcd.c,33 :: 		
0x009B	0x19EF      	BTFSC      FARG_Lcd_Cmd_out_char, 3
0x009C	0x289F      	GOTO       L__Lcd_Cmd31
0x009D	0x1388      	BCF        LCD_D7, BitPos(LCD_D7+0)
0x009E	0x28A0      	GOTO       L__Lcd_Cmd32
L__Lcd_Cmd31:
0x009F	0x1788      	BSF        LCD_D7, BitPos(LCD_D7+0)
L__Lcd_Cmd32:
;__Lib_Lcd.c,34 :: 		
0x00A0	0x196F      	BTFSC      FARG_Lcd_Cmd_out_char, 2
0x00A1	0x28A4      	GOTO       L__Lcd_Cmd33
0x00A2	0x1308      	BCF        LCD_D6, BitPos(LCD_D6+0)
0x00A3	0x28A5      	GOTO       L__Lcd_Cmd34
L__Lcd_Cmd33:
0x00A4	0x1708      	BSF        LCD_D6, BitPos(LCD_D6+0)
L__Lcd_Cmd34:
;__Lib_Lcd.c,35 :: 		
0x00A5	0x18EF      	BTFSC      FARG_Lcd_Cmd_out_char, 1
0x00A6	0x28A9      	GOTO       L__Lcd_Cmd35
0x00A7	0x1288      	BCF        LCD_D5, BitPos(LCD_D5+0)
0x00A8	0x28AA      	GOTO       L__Lcd_Cmd36
L__Lcd_Cmd35:
0x00A9	0x1688      	BSF        LCD_D5, BitPos(LCD_D5+0)
L__Lcd_Cmd36:
;__Lib_Lcd.c,36 :: 		
0x00AA	0x186F      	BTFSC      FARG_Lcd_Cmd_out_char, 0
0x00AB	0x28AE      	GOTO       L__Lcd_Cmd37
0x00AC	0x1208      	BCF        LCD_D4, BitPos(LCD_D4+0)
0x00AD	0x28AF      	GOTO       L__Lcd_Cmd38
L__Lcd_Cmd37:
0x00AE	0x1608      	BSF        LCD_D4, BitPos(LCD_D4+0)
L__Lcd_Cmd38:
;__Lib_Lcd.c,38 :: 		
0x00AF	0x18D7      	BTFSC      __Lib_Lcd_cmd_status, BitPos(__Lib_Lcd_cmd_status+0)
0x00B0	0x28B3      	GOTO       L__Lcd_Cmd39
0x00B1	0x1508      	BSF        LCD_RS, BitPos(LCD_RS+0)
0x00B2	0x28B4      	GOTO       L__Lcd_Cmd40
L__Lcd_Cmd39:
0x00B3	0x1108      	BCF        LCD_RS, BitPos(LCD_RS+0)
L__Lcd_Cmd40:
;__Lib_Lcd.c,40 :: 		
0x00B4	0x1588      	BSF        LCD_EN, BitPos(LCD_EN+0)
;__Lib_Lcd.c,41 :: 		
0x00B5	0x2049      	CALL       _Delay_1us
;__Lib_Lcd.c,42 :: 		
0x00B6	0x1188      	BCF        LCD_EN, BitPos(LCD_EN+0)
;__Lib_Lcd.c,44 :: 		
0x00B7	0x1CD7      	BTFSS      __Lib_Lcd_cmd_status, BitPos(__Lib_Lcd_cmd_status+0)
0x00B8	0x28BB      	GOTO       L_Lcd_Cmd0
;__Lib_Lcd.c,45 :: 		
0x00B9	0x2053      	CALL       _Delay_5500us
0x00BA	0x28BC      	GOTO       L_Lcd_Cmd1
L_Lcd_Cmd0:
;__Lib_Lcd.c,47 :: 		
0x00BB	0x204C      	CALL       _Delay_50us
L_Lcd_Cmd1:
;__Lib_Lcd.c,48 :: 		
L_end_Lcd_Cmd:
0x00BC	0x0008      	RETURN
; end of _Lcd_Cmd
_Lcd_Chr_CP:
;__Lib_Lcd.c,50 :: 		
;__Lib_Lcd.c,52 :: 		
0x00BD	0x1283      	BCF        STATUS, 5
0x00BE	0x1303      	BCF        STATUS, 6
0x00BF	0x10D7      	BCF        __Lib_Lcd_cmd_status, BitPos(__Lib_Lcd_cmd_status+0)
;__Lib_Lcd.c,53 :: 		
0x00C0	0x086A      	MOVF       FARG_Lcd_Chr_CP_out_char, 0
0x00C1	0x00EF      	MOVWF      FARG_Lcd_Cmd_out_char
0x00C2	0x207D      	CALL       _Lcd_Cmd
;__Lib_Lcd.c,54 :: 		
0x00C3	0x14D7      	BSF        __Lib_Lcd_cmd_status, BitPos(__Lib_Lcd_cmd_status+0)
;__Lib_Lcd.c,55 :: 		
L_end_Lcd_Chr_CP:
0x00C4	0x0008      	RETURN
; end of _Lcd_Chr_CP
_____DoICP:
;__Lib_System.c,6 :: 		
;__Lib_System.c,9 :: 		
0x00C5	0x1283      	BCF        STATUS, 5
0x00C6	0x1303      	BCF        STATUS, 6
0x00C7	0x0852      	MOVF       ___DoICPAddr+1, 0
0x00C8	0x008A      	MOVWF      PCLATH
;__Lib_System.c,10 :: 		
0x00C9	0x0851      	MOVF       ___DoICPAddr, 0
0x00CA	0x0082      	MOVWF      PCL
;__Lib_System.c,12 :: 		
L_end_____DoICP:
0x00CB	0x0008      	RETURN
; end of _____DoICP
_WordToStr:
;__Lib_Conversions.c,84 :: 		
;__Lib_Conversions.c,89 :: 		
0x00CC	0x1283      	BCF        STATUS, 5
0x00CD	0x1303      	BCF        STATUS, 6
0x00CE	0x01ED      	CLRF       WordToStr_len_L0
L_WordToStr6:
0x00CF	0x3005      	MOVLW      5
0x00D0	0x026D      	SUBWF      WordToStr_len_L0, 0
0x00D1	0x1803      	BTFSC      STATUS, 0
0x00D2	0x28DA      	GOTO       L_WordToStr7
;__Lib_Conversions.c,90 :: 		
0x00D3	0x086D      	MOVF       WordToStr_len_L0, 0
0x00D4	0x076C      	ADDWF      FARG_WordToStr_output, 0
0x00D5	0x0084      	MOVWF      FSR
0x00D6	0x3020      	MOVLW      32
0x00D7	0x0080      	MOVWF      INDF
;__Lib_Conversions.c,89 :: 		
0x00D8	0x0AED      	INCF       WordToStr_len_L0, 1
;__Lib_Conversions.c,90 :: 		
0x00D9	0x28CF      	GOTO       L_WordToStr6
L_WordToStr7:
;__Lib_Conversions.c,91 :: 		
0x00DA	0x086D      	MOVF       WordToStr_len_L0, 0
0x00DB	0x076C      	ADDWF      FARG_WordToStr_output, 0
0x00DC	0x0084      	MOVWF      FSR
0x00DD	0x0180      	CLRF       INDF
0x00DE	0x03ED      	DECF       WordToStr_len_L0, 1
;__Lib_Conversions.c,93 :: 		
L_WordToStr9:
;__Lib_Conversions.c,94 :: 		
0x00DF	0x086D      	MOVF       WordToStr_len_L0, 0
0x00E0	0x076C      	ADDWF      FARG_WordToStr_output, 0
0x00E1	0x00EE      	MOVWF      FLOC__WordToStr
0x00E2	0x300A      	MOVLW      10
0x00E3	0x00F4      	MOVWF      R4
0x00E4	0x01F5      	CLRF       R4+1
0x00E5	0x086A      	MOVF       FARG_WordToStr_input, 0
0x00E6	0x00F0      	MOVWF      R0
0x00E7	0x086B      	MOVF       FARG_WordToStr_input+1, 0
0x00E8	0x00F1      	MOVWF      R0+1
0x00E9	0x2060      	CALL       _Div_16X16_U
0x00EA	0x0878      	MOVF       R8, 0
0x00EB	0x00F0      	MOVWF      R0
0x00EC	0x0879      	MOVF       R8+1, 0
0x00ED	0x00F1      	MOVWF      R0+1
0x00EE	0x3030      	MOVLW      48
0x00EF	0x07F0      	ADDWF      R0, 1
0x00F0	0x086E      	MOVF       FLOC__WordToStr, 0
0x00F1	0x0084      	MOVWF      FSR
0x00F2	0x0870      	MOVF       R0, 0
0x00F3	0x0080      	MOVWF      INDF
;__Lib_Conversions.c,95 :: 		
0x00F4	0x300A      	MOVLW      10
0x00F5	0x00F4      	MOVWF      R4
0x00F6	0x01F5      	CLRF       R4+1
0x00F7	0x086A      	MOVF       FARG_WordToStr_input, 0
0x00F8	0x00F0      	MOVWF      R0
0x00F9	0x086B      	MOVF       FARG_WordToStr_input+1, 0
0x00FA	0x00F1      	MOVWF      R0+1
0x00FB	0x2060      	CALL       _Div_16X16_U
0x00FC	0x0870      	MOVF       R0, 0
0x00FD	0x00EA      	MOVWF      FARG_WordToStr_input
0x00FE	0x0871      	MOVF       R0+1, 0
0x00FF	0x00EB      	MOVWF      FARG_WordToStr_input+1
;__Lib_Conversions.c,96 :: 		
0x0100	0x3000      	MOVLW      0
0x0101	0x0671      	XORWF      R0+1, 0
0x0102	0x1D03      	BTFSS      STATUS, 2
0x0103	0x2906      	GOTO       L__WordToStr109
0x0104	0x3000      	MOVLW      0
0x0105	0x0670      	XORWF      R0, 0
L__WordToStr109:
0x0106	0x1D03      	BTFSS      STATUS, 2
0x0107	0x2909      	GOTO       L_WordToStr11
;__Lib_Conversions.c,97 :: 		
0x0108	0x290B      	GOTO       L_WordToStr10
L_WordToStr11:
;__Lib_Conversions.c,98 :: 		
0x0109	0x03ED      	DECF       WordToStr_len_L0, 1
;__Lib_Conversions.c,99 :: 		
0x010A	0x28DF      	GOTO       L_WordToStr9
L_WordToStr10:
;__Lib_Conversions.c,100 :: 		
L_end_WordToStr:
0x010B	0x0008      	RETURN
; end of _WordToStr
_IntToStr:
;__Lib_Conversions.c,146 :: 		
;__Lib_Conversions.c,152 :: 		
0x010C	0x1283      	BCF        STATUS, 5
0x010D	0x1303      	BCF        STATUS, 6
0x010E	0x01E6      	CLRF       IntToStr_negative_L0
0x010F	0x01E7      	CLRF       IntToStr_negative_L0+1
;__Lib_Conversions.c,153 :: 		
0x0110	0x0861      	MOVF       FARG_IntToStr_input, 0
0x0111	0x00E8      	MOVWF      IntToStr_inword_L0
0x0112	0x0862      	MOVF       FARG_IntToStr_input+1, 0
0x0113	0x00E9      	MOVWF      IntToStr_inword_L0+1
;__Lib_Conversions.c,154 :: 		
0x0114	0x3080      	MOVLW      128
0x0115	0x0662      	XORWF      FARG_IntToStr_input+1, 0
0x0116	0x00F0      	MOVWF      R0
0x0117	0x3080      	MOVLW      128
0x0118	0x0270      	SUBWF      R0, 0
0x0119	0x1D03      	BTFSS      STATUS, 2
0x011A	0x291D      	GOTO       L__IntToStr115
0x011B	0x3000      	MOVLW      0
0x011C	0x0261      	SUBWF      FARG_IntToStr_input, 0
L__IntToStr115:
0x011D	0x1803      	BTFSC      STATUS, 0
0x011E	0x292B      	GOTO       L_IntToStr23
;__Lib_Conversions.c,155 :: 		
0x011F	0x3001      	MOVLW      1
0x0120	0x00E6      	MOVWF      IntToStr_negative_L0
0x0121	0x3000      	MOVLW      0
0x0122	0x00E7      	MOVWF      IntToStr_negative_L0+1
;__Lib_Conversions.c,156 :: 		
0x0123	0x0861      	MOVF       FARG_IntToStr_input, 0
0x0124	0x3C00      	SUBLW      0
0x0125	0x00E8      	MOVWF      IntToStr_inword_L0
0x0126	0x0862      	MOVF       FARG_IntToStr_input+1, 0
0x0127	0x1C03      	BTFSS      STATUS, 0
0x0128	0x3E01      	ADDLW      1
0x0129	0x01E9      	CLRF       IntToStr_inword_L0+1
0x012A	0x02E9      	SUBWF      IntToStr_inword_L0+1, 1
;__Lib_Conversions.c,157 :: 		
L_IntToStr23:
;__Lib_Conversions.c,158 :: 		
0x012B	0x0868      	MOVF       IntToStr_inword_L0, 0
0x012C	0x00EA      	MOVWF      FARG_WordToStr_input
0x012D	0x0869      	MOVF       IntToStr_inword_L0+1, 0
0x012E	0x00EB      	MOVWF      FARG_WordToStr_input+1
0x012F	0x0863      	MOVF       FARG_IntToStr_output, 0
0x0130	0x00EC      	MOVWF      FARG_WordToStr_output
0x0131	0x20CC      	CALL       _WordToStr
;__Lib_Conversions.c,160 :: 		
0x0132	0x3006      	MOVLW      6
0x0133	0x00E4      	MOVWF      IntToStr_i_L0
0x0134	0x3000      	MOVLW      0
0x0135	0x00E5      	MOVWF      IntToStr_i_L0+1
;__Lib_Conversions.c,161 :: 		
L_IntToStr24:
0x0136	0x0865      	MOVF       IntToStr_i_L0+1, 0
0x0137	0x3C00      	SUBLW      0
0x0138	0x1D03      	BTFSS      STATUS, 2
0x0139	0x293C      	GOTO       L__IntToStr116
0x013A	0x0864      	MOVF       IntToStr_i_L0, 0
0x013B	0x3C00      	SUBLW      0
L__IntToStr116:
0x013C	0x1803      	BTFSC      STATUS, 0
0x013D	0x2957      	GOTO       L_IntToStr25
;__Lib_Conversions.c,162 :: 		
0x013E	0x0864      	MOVF       IntToStr_i_L0, 0
0x013F	0x0763      	ADDWF      FARG_IntToStr_output, 0
0x0140	0x00F2      	MOVWF      R2
0x0141	0x3001      	MOVLW      1
0x0142	0x0264      	SUBWF      IntToStr_i_L0, 0
0x0143	0x00F0      	MOVWF      R0
0x0144	0x3000      	MOVLW      0
0x0145	0x1C03      	BTFSS      STATUS, 0
0x0146	0x3E01      	ADDLW      1
0x0147	0x0265      	SUBWF      IntToStr_i_L0+1, 0
0x0148	0x00F1      	MOVWF      R0+1
0x0149	0x0870      	MOVF       R0, 0
0x014A	0x0763      	ADDWF      FARG_IntToStr_output, 0
0x014B	0x0084      	MOVWF      FSR
0x014C	0x0800      	MOVF       INDF, 0
0x014D	0x00F0      	MOVWF      R0
0x014E	0x0872      	MOVF       R2, 0
0x014F	0x0084      	MOVWF      FSR
0x0150	0x0870      	MOVF       R0, 0
0x0151	0x0080      	MOVWF      INDF
;__Lib_Conversions.c,163 :: 		
0x0152	0x3001      	MOVLW      1
0x0153	0x02E4      	SUBWF      IntToStr_i_L0, 1
0x0154	0x1C03      	BTFSS      STATUS, 0
0x0155	0x03E5      	DECF       IntToStr_i_L0+1, 1
;__Lib_Conversions.c,164 :: 		
0x0156	0x2936      	GOTO       L_IntToStr24
L_IntToStr25:
;__Lib_Conversions.c,165 :: 		
0x0157	0x0863      	MOVF       FARG_IntToStr_output, 0
0x0158	0x0084      	MOVWF      FSR
0x0159	0x3020      	MOVLW      32
0x015A	0x0080      	MOVWF      INDF
;__Lib_Conversions.c,166 :: 		
0x015B	0x0866      	MOVF       IntToStr_negative_L0, 0
0x015C	0x0467      	IORWF      IntToStr_negative_L0+1, 0
0x015D	0x1903      	BTFSC      STATUS, 2
0x015E	0x2975      	GOTO       L_IntToStr26
;__Lib_Conversions.c,167 :: 		
0x015F	0x01E4      	CLRF       IntToStr_i_L0
0x0160	0x01E5      	CLRF       IntToStr_i_L0+1
;__Lib_Conversions.c,168 :: 		
L_IntToStr27:
0x0161	0x0864      	MOVF       IntToStr_i_L0, 0
0x0162	0x0763      	ADDWF      FARG_IntToStr_output, 0
0x0163	0x0084      	MOVWF      FSR
0x0164	0x0800      	MOVF       INDF, 0
0x0165	0x3A20      	XORLW      32
0x0166	0x1D03      	BTFSS      STATUS, 2
0x0167	0x296C      	GOTO       L_IntToStr28
0x0168	0x0AE4      	INCF       IntToStr_i_L0, 1
0x0169	0x1903      	BTFSC      STATUS, 2
0x016A	0x0AE5      	INCF       IntToStr_i_L0+1, 1
0x016B	0x2961      	GOTO       L_IntToStr27
L_IntToStr28:
;__Lib_Conversions.c,169 :: 		
0x016C	0x3001      	MOVLW      1
0x016D	0x02E4      	SUBWF      IntToStr_i_L0, 1
0x016E	0x1C03      	BTFSS      STATUS, 0
0x016F	0x03E5      	DECF       IntToStr_i_L0+1, 1
;__Lib_Conversions.c,170 :: 		
0x0170	0x0864      	MOVF       IntToStr_i_L0, 0
0x0171	0x0763      	ADDWF      FARG_IntToStr_output, 0
0x0172	0x0084      	MOVWF      FSR
0x0173	0x302D      	MOVLW      45
0x0174	0x0080      	MOVWF      INDF
L_IntToStr26:
;__Lib_Conversions.c,171 :: 		
L_end_IntToStr:
0x0175	0x0008      	RETURN
; end of _IntToStr
_Lcd_Out:
;__Lib_Lcd.c,184 :: 		
;__Lib_Lcd.c,187 :: 		
0x0176	0x2988      	GOTO       L_Lcd_Out11
;__Lib_Lcd.c,188 :: 		
L_Lcd_Out13:
0x0177	0x3080      	MOVLW      128
0x0178	0x1283      	BCF        STATUS, 5
0x0179	0x1303      	BCF        STATUS, 6
0x017A	0x00E1      	MOVWF      FARG_Lcd_Out_row
0x017B	0x299B      	GOTO       L_Lcd_Out12
;__Lib_Lcd.c,189 :: 		
L_Lcd_Out14:
0x017C	0x30C0      	MOVLW      192
0x017D	0x00E1      	MOVWF      FARG_Lcd_Out_row
0x017E	0x299B      	GOTO       L_Lcd_Out12
;__Lib_Lcd.c,190 :: 		
L_Lcd_Out15:
0x017F	0x3094      	MOVLW      148
0x0180	0x00E1      	MOVWF      FARG_Lcd_Out_row
0x0181	0x299B      	GOTO       L_Lcd_Out12
;__Lib_Lcd.c,191 :: 		
L_Lcd_Out16:
0x0182	0x30D4      	MOVLW      212
0x0183	0x00E1      	MOVWF      FARG_Lcd_Out_row
0x0184	0x299B      	GOTO       L_Lcd_Out12
;__Lib_Lcd.c,192 :: 		
L_Lcd_Out17:
0x0185	0x3080      	MOVLW      128
0x0186	0x00E1      	MOVWF      FARG_Lcd_Out_row
;__Lib_Lcd.c,193 :: 		
0x0187	0x299B      	GOTO       L_Lcd_Out12
L_Lcd_Out11:
0x0188	0x1283      	BCF        STATUS, 5
0x0189	0x1303      	BCF        STATUS, 6
0x018A	0x0861      	MOVF       FARG_Lcd_Out_row, 0
0x018B	0x3A01      	XORLW      1
0x018C	0x1903      	BTFSC      STATUS, 2
0x018D	0x2977      	GOTO       L_Lcd_Out13
0x018E	0x0861      	MOVF       FARG_Lcd_Out_row, 0
0x018F	0x3A02      	XORLW      2
0x0190	0x1903      	BTFSC      STATUS, 2
0x0191	0x297C      	GOTO       L_Lcd_Out14
0x0192	0x0861      	MOVF       FARG_Lcd_Out_row, 0
0x0193	0x3A03      	XORLW      3
0x0194	0x1903      	BTFSC      STATUS, 2
0x0195	0x297F      	GOTO       L_Lcd_Out15
0x0196	0x0861      	MOVF       FARG_Lcd_Out_row, 0
0x0197	0x3A04      	XORLW      4
0x0198	0x1903      	BTFSC      STATUS, 2
0x0199	0x2982      	GOTO       L_Lcd_Out16
0x019A	0x2985      	GOTO       L_Lcd_Out17
L_Lcd_Out12:
;__Lib_Lcd.c,194 :: 		
0x019B	0x0362      	DECF       FARG_Lcd_Out_column, 0
0x019C	0x00F0      	MOVWF      R0
0x019D	0x0861      	MOVF       FARG_Lcd_Out_row, 0
0x019E	0x07F0      	ADDWF      R0, 1
0x019F	0x0870      	MOVF       R0, 0
0x01A0	0x00E1      	MOVWF      FARG_Lcd_Out_row
;__Lib_Lcd.c,196 :: 		
0x01A1	0x0870      	MOVF       R0, 0
0x01A2	0x00EF      	MOVWF      FARG_Lcd_Cmd_out_char
0x01A3	0x207D      	CALL       _Lcd_Cmd
;__Lib_Lcd.c,197 :: 		
0x01A4	0x10D7      	BCF        __Lib_Lcd_cmd_status, BitPos(__Lib_Lcd_cmd_status+0)
;__Lib_Lcd.c,198 :: 		
0x01A5	0x01E4      	CLRF       Lcd_Out_i_L0
;__Lib_Lcd.c,199 :: 		
L_Lcd_Out18:
0x01A6	0x0864      	MOVF       Lcd_Out_i_L0, 0
0x01A7	0x0763      	ADDWF      FARG_Lcd_Out_text, 0
0x01A8	0x0084      	MOVWF      FSR
0x01A9	0x0800      	MOVF       INDF, 0
0x01AA	0x1903      	BTFSC      STATUS, 2
0x01AB	0x29B4      	GOTO       L_Lcd_Out19
;__Lib_Lcd.c,200 :: 		
0x01AC	0x0864      	MOVF       Lcd_Out_i_L0, 0
0x01AD	0x0763      	ADDWF      FARG_Lcd_Out_text, 0
0x01AE	0x0084      	MOVWF      FSR
0x01AF	0x0800      	MOVF       INDF, 0
0x01B0	0x00EA      	MOVWF      FARG_Lcd_Chr_CP_out_char
0x01B1	0x20BD      	CALL       _Lcd_Chr_CP
0x01B2	0x0AE4      	INCF       Lcd_Out_i_L0, 1
0x01B3	0x29A6      	GOTO       L_Lcd_Out18
L_Lcd_Out19:
;__Lib_Lcd.c,201 :: 		
0x01B4	0x14D7      	BSF        __Lib_Lcd_cmd_status, BitPos(__Lib_Lcd_cmd_status+0)
;__Lib_Lcd.c,202 :: 		
L_end_Lcd_Out:
0x01B5	0x0008      	RETURN
; end of _Lcd_Out
___CC2DW:
;__Lib_System.c,134 :: 		
;__Lib_System.c,137 :: 		
_CC2D_Loop1:
;__Lib_System.c,139 :: 		
0x01B6	0x20C5      	CALL       _____DoICP
0x01B7	0x118A      	BCF        PCLATH, 3
0x01B8	0x120A      	BCF        PCLATH, 4
;__Lib_System.c,141 :: 		
0x01B9	0x0080      	MOVWF      INDF
;__Lib_System.c,142 :: 		
0x01BA	0x0A84      	INCF       FSR, 1
;__Lib_System.c,143 :: 		
0x01BB	0x0AD1      	INCF       ___DoICPAddr, 1
;__Lib_System.c,145 :: 		
0x01BC	0x1903      	BTFSC      STATUS, 2
;__Lib_System.c,146 :: 		
0x01BD	0x0AD2      	INCF       ___DoICPAddr+1, 1
;__Lib_System.c,147 :: 		
0x01BE	0x03F0      	DECF       R0, 1
;__Lib_System.c,149 :: 		
0x01BF	0x1D03      	BTFSS      STATUS, 2
;__Lib_System.c,150 :: 		
0x01C0	0x29B6      	GOTO       _CC2D_Loop1
;__Lib_System.c,152 :: 		
L_end___CC2DW:
0x01C1	0x0008      	RETURN
; end of ___CC2DW
_Lcd_Init:
;__Lib_Lcd.c,84 :: 		
;__Lib_Lcd.c,86 :: 		
0x01C2	0x1683      	BSF        STATUS, 5
0x01C3	0x1303      	BCF        STATUS, 6
0x01C4	0x1188      	BCF        LCD_EN_Direction, BitPos(LCD_EN_Direction+0)
;__Lib_Lcd.c,87 :: 		
0x01C5	0x1108      	BCF        LCD_RS_Direction, BitPos(LCD_RS_Direction+0)
;__Lib_Lcd.c,88 :: 		
0x01C6	0x1208      	BCF        LCD_D4_Direction, BitPos(LCD_D4_Direction+0)
;__Lib_Lcd.c,89 :: 		
0x01C7	0x1288      	BCF        LCD_D5_Direction, BitPos(LCD_D5_Direction+0)
;__Lib_Lcd.c,90 :: 		
0x01C8	0x1308      	BCF        LCD_D6_Direction, BitPos(LCD_D6_Direction+0)
;__Lib_Lcd.c,91 :: 		
0x01C9	0x1388      	BCF        LCD_D7_Direction, BitPos(LCD_D7_Direction+0)
;__Lib_Lcd.c,93 :: 		
0x01CA	0x1283      	BCF        STATUS, 5
0x01CB	0x1188      	BCF        LCD_EN, BitPos(LCD_EN+0)
;__Lib_Lcd.c,94 :: 		
0x01CC	0x1108      	BCF        LCD_RS, BitPos(LCD_RS+0)
;__Lib_Lcd.c,95 :: 		
0x01CD	0x1388      	BCF        LCD_D7, BitPos(LCD_D7+0)
;__Lib_Lcd.c,96 :: 		
0x01CE	0x1308      	BCF        LCD_D6, BitPos(LCD_D6+0)
;__Lib_Lcd.c,97 :: 		
0x01CF	0x1288      	BCF        LCD_D5, BitPos(LCD_D5+0)
;__Lib_Lcd.c,98 :: 		
0x01D0	0x1208      	BCF        LCD_D4, BitPos(LCD_D4+0)
;__Lib_Lcd.c,100 :: 		
0x01D1	0x2053      	CALL       _Delay_5500us
;__Lib_Lcd.c,101 :: 		
0x01D2	0x2053      	CALL       _Delay_5500us
;__Lib_Lcd.c,102 :: 		
0x01D3	0x2053      	CALL       _Delay_5500us
;__Lib_Lcd.c,105 :: 		
0x01D4	0x1688      	BSF        LCD_D5, BitPos(LCD_D5+0)
;__Lib_Lcd.c,106 :: 		
0x01D5	0x1608      	BSF        LCD_D4, BitPos(LCD_D4+0)
;__Lib_Lcd.c,107 :: 		
0x01D6	0x1588      	BSF        LCD_EN, BitPos(LCD_EN+0)
;__Lib_Lcd.c,108 :: 		
0x01D7	0x2049      	CALL       _Delay_1us
;__Lib_Lcd.c,109 :: 		
0x01D8	0x1188      	BCF        LCD_EN, BitPos(LCD_EN+0)
;__Lib_Lcd.c,110 :: 		
0x01D9	0x2053      	CALL       _Delay_5500us
;__Lib_Lcd.c,112 :: 		
0x01DA	0x1588      	BSF        LCD_EN, BitPos(LCD_EN+0)
;__Lib_Lcd.c,113 :: 		
0x01DB	0x2049      	CALL       _Delay_1us
;__Lib_Lcd.c,114 :: 		
0x01DC	0x1188      	BCF        LCD_EN, BitPos(LCD_EN+0)
;__Lib_Lcd.c,115 :: 		
0x01DD	0x2053      	CALL       _Delay_5500us
;__Lib_Lcd.c,117 :: 		
0x01DE	0x1588      	BSF        LCD_EN, BitPos(LCD_EN+0)
;__Lib_Lcd.c,118 :: 		
0x01DF	0x2049      	CALL       _Delay_1us
;__Lib_Lcd.c,119 :: 		
0x01E0	0x1188      	BCF        LCD_EN, BitPos(LCD_EN+0)
;__Lib_Lcd.c,120 :: 		
0x01E1	0x2053      	CALL       _Delay_5500us
;__Lib_Lcd.c,123 :: 		
0x01E2	0x1208      	BCF        LCD_D4, BitPos(LCD_D4+0)
;__Lib_Lcd.c,124 :: 		
0x01E3	0x1588      	BSF        LCD_EN, BitPos(LCD_EN+0)
;__Lib_Lcd.c,125 :: 		
0x01E4	0x2049      	CALL       _Delay_1us
;__Lib_Lcd.c,126 :: 		
0x01E5	0x1188      	BCF        LCD_EN, BitPos(LCD_EN+0)
;__Lib_Lcd.c,127 :: 		
0x01E6	0x2053      	CALL       _Delay_5500us
;__Lib_Lcd.c,130 :: 		
0x01E7	0x1588      	BSF        LCD_EN, BitPos(LCD_EN+0)
;__Lib_Lcd.c,131 :: 		
0x01E8	0x2049      	CALL       _Delay_1us
;__Lib_Lcd.c,132 :: 		
0x01E9	0x1188      	BCF        LCD_EN, BitPos(LCD_EN+0)
;__Lib_Lcd.c,134 :: 		
0x01EA	0x1288      	BCF        LCD_D5, BitPos(LCD_D5+0)
;__Lib_Lcd.c,135 :: 		
0x01EB	0x1788      	BSF        LCD_D7, BitPos(LCD_D7+0)
;__Lib_Lcd.c,136 :: 		
0x01EC	0x1588      	BSF        LCD_EN, BitPos(LCD_EN+0)
;__Lib_Lcd.c,137 :: 		
0x01ED	0x2049      	CALL       _Delay_1us
;__Lib_Lcd.c,138 :: 		
0x01EE	0x1188      	BCF        LCD_EN, BitPos(LCD_EN+0)
;__Lib_Lcd.c,139 :: 		
0x01EF	0x2053      	CALL       _Delay_5500us
;__Lib_Lcd.c,142 :: 		
0x01F0	0x1388      	BCF        LCD_D7, BitPos(LCD_D7+0)
;__Lib_Lcd.c,143 :: 		
0x01F1	0x1608      	BSF        LCD_D4, BitPos(LCD_D4+0)
;__Lib_Lcd.c,144 :: 		
0x01F2	0x1588      	BSF        LCD_EN, BitPos(LCD_EN+0)
;__Lib_Lcd.c,145 :: 		
0x01F3	0x2049      	CALL       _Delay_1us
;__Lib_Lcd.c,146 :: 		
0x01F4	0x1188      	BCF        LCD_EN, BitPos(LCD_EN+0)
;__Lib_Lcd.c,148 :: 		
0x01F5	0x1208      	BCF        LCD_D4, BitPos(LCD_D4+0)
;__Lib_Lcd.c,149 :: 		
0x01F6	0x1588      	BSF        LCD_EN, BitPos(LCD_EN+0)
;__Lib_Lcd.c,150 :: 		
0x01F7	0x2049      	CALL       _Delay_1us
;__Lib_Lcd.c,151 :: 		
0x01F8	0x1188      	BCF        LCD_EN, BitPos(LCD_EN+0)
;__Lib_Lcd.c,152 :: 		
0x01F9	0x2053      	CALL       _Delay_5500us
;__Lib_Lcd.c,155 :: 		
0x01FA	0x1588      	BSF        LCD_EN, BitPos(LCD_EN+0)
;__Lib_Lcd.c,156 :: 		
0x01FB	0x2049      	CALL       _Delay_1us
;__Lib_Lcd.c,157 :: 		
0x01FC	0x1188      	BCF        LCD_EN, BitPos(LCD_EN+0)
;__Lib_Lcd.c,159 :: 		
0x01FD	0x1608      	BSF        LCD_D4, BitPos(LCD_D4+0)
;__Lib_Lcd.c,160 :: 		
0x01FE	0x1588      	BSF        LCD_EN, BitPos(LCD_EN+0)
;__Lib_Lcd.c,161 :: 		
0x01FF	0x2049      	CALL       _Delay_1us
;__Lib_Lcd.c,162 :: 		
0x0200	0x1188      	BCF        LCD_EN, BitPos(LCD_EN+0)
;__Lib_Lcd.c,163 :: 		
0x0201	0x2053      	CALL       _Delay_5500us
;__Lib_Lcd.c,166 :: 		
0x0202	0x1208      	BCF        LCD_D4, BitPos(LCD_D4+0)
;__Lib_Lcd.c,167 :: 		
0x0203	0x1588      	BSF        LCD_EN, BitPos(LCD_EN+0)
;__Lib_Lcd.c,168 :: 		
0x0204	0x2049      	CALL       _Delay_1us
;__Lib_Lcd.c,169 :: 		
0x0205	0x1188      	BCF        LCD_EN, BitPos(LCD_EN+0)
;__Lib_Lcd.c,171 :: 		
0x0206	0x1788      	BSF        LCD_D7, BitPos(LCD_D7+0)
;__Lib_Lcd.c,172 :: 		
0x0207	0x1708      	BSF        LCD_D6, BitPos(LCD_D6+0)
;__Lib_Lcd.c,173 :: 		
0x0208	0x1688      	BSF        LCD_D5, BitPos(LCD_D5+0)
;__Lib_Lcd.c,174 :: 		
0x0209	0x1608      	BSF        LCD_D4, BitPos(LCD_D4+0)
;__Lib_Lcd.c,175 :: 		
0x020A	0x1588      	BSF        LCD_EN, BitPos(LCD_EN+0)
;__Lib_Lcd.c,176 :: 		
0x020B	0x2049      	CALL       _Delay_1us
;__Lib_Lcd.c,177 :: 		
0x020C	0x1188      	BCF        LCD_EN, BitPos(LCD_EN+0)
;__Lib_Lcd.c,179 :: 		
0x020D	0x2053      	CALL       _Delay_5500us
;__Lib_Lcd.c,181 :: 		
0x020E	0x14D7      	BSF        __Lib_Lcd_cmd_status, BitPos(__Lib_Lcd_cmd_status+0)
;__Lib_Lcd.c,182 :: 		
L_end_Lcd_Init:
0x020F	0x0008      	RETURN
; end of _Lcd_Init
_main:
0x0210	0x22B2      	CALL       690
;CarOverspeedCheck.c,52 :: 		void main()
;CarOverspeedCheck.c,55 :: 		Lcd_Init();
0x0211	0x21C2      	CALL       _Lcd_Init
;CarOverspeedCheck.c,56 :: 		Lcd_Cmd(_LCD_CLEAR);                 // Clear display
0x0212	0x3001      	MOVLW      1
0x0213	0x00EF      	MOVWF      FARG_Lcd_Cmd_out_char
0x0214	0x207D      	CALL       _Lcd_Cmd
;CarOverspeedCheck.c,57 :: 		Lcd_Cmd(_LCD_CURSOR_OFF);            // Cursor off
0x0215	0x300C      	MOVLW      12
0x0216	0x00EF      	MOVWF      FARG_Lcd_Cmd_out_char
0x0217	0x207D      	CALL       _Lcd_Cmd
;CarOverspeedCheck.c,59 :: 		TRISB = 0b10100000;
0x0218	0x30A0      	MOVLW      160
0x0219	0x1683      	BSF        STATUS, 5
0x021A	0x0086      	MOVWF      TRISB
;CarOverspeedCheck.c,60 :: 		TRISC = 0b00000000;
0x021B	0x0187      	CLRF       TRISC
;CarOverspeedCheck.c,61 :: 		PORTC.F1 = 0;
0x021C	0x1283      	BCF        STATUS, 5
0x021D	0x1087      	BCF        PORTC, 1
;CarOverspeedCheck.c,62 :: 		INTCON.GIE = 1;                      //Global Interrupt Enable
0x021E	0x178B      	BSF        INTCON, 7
;CarOverspeedCheck.c,63 :: 		INTCON.PEIE = 1;
0x021F	0x170B      	BSF        INTCON, 6
;CarOverspeedCheck.c,64 :: 		INTCON.RBIF = 0;                     //Clear PORTB On-Change Interrupt Flag
0x0220	0x100B      	BCF        INTCON, 0
;CarOverspeedCheck.c,65 :: 		INTCON.RBIE = 1;                     //Enable PORTB On-Change Interrupt
0x0221	0x158B      	BSF        INTCON, 3
;CarOverspeedCheck.c,67 :: 		Lcd_Out(1,1,"Dev: skalesms");
0x0222	0x3001      	MOVLW      1
0x0223	0x00E1      	MOVWF      FARG_Lcd_Out_row
0x0224	0x3001      	MOVLW      1
0x0225	0x00E2      	MOVWF      FARG_Lcd_Out_column
0x0226	0x3023      	MOVLW      ?lstr1_CarOverspeedCheck
0x0227	0x00E3      	MOVWF      FARG_Lcd_Out_text
0x0228	0x2176      	CALL       _Lcd_Out
;CarOverspeedCheck.c,68 :: 		Lcd_Out(2,1,"@gmail.com");
0x0229	0x3002      	MOVLW      2
0x022A	0x00E1      	MOVWF      FARG_Lcd_Out_row
0x022B	0x3001      	MOVLW      1
0x022C	0x00E2      	MOVWF      FARG_Lcd_Out_column
0x022D	0x3046      	MOVLW      ?lstr2_CarOverspeedCheck
0x022E	0x00E3      	MOVWF      FARG_Lcd_Out_text
0x022F	0x2176      	CALL       _Lcd_Out
;CarOverspeedCheck.c,70 :: 		Delay_ms(300);
0x0230	0x3004      	MOVLW      4
0x0231	0x00FB      	MOVWF      R11
0x0232	0x300C      	MOVLW      12
0x0233	0x00FC      	MOVWF      R12
0x0234	0x3033      	MOVLW      51
0x0235	0x00FD      	MOVWF      R13
L_main8:
0x0236	0x0BFD      	DECFSZ     R13, 1
0x0237	0x2A36      	GOTO       L_main8
0x0238	0x0BFC      	DECFSZ     R12, 1
0x0239	0x2A36      	GOTO       L_main8
0x023A	0x0BFB      	DECFSZ     R11, 1
0x023B	0x2A36      	GOTO       L_main8
0x023C	0x0000      	NOP
0x023D	0x0000      	NOP
;CarOverspeedCheck.c,71 :: 		Lcd_Cmd(_LCD_CLEAR);
0x023E	0x3001      	MOVLW      1
0x023F	0x00EF      	MOVWF      FARG_Lcd_Cmd_out_char
0x0240	0x207D      	CALL       _Lcd_Cmd
;CarOverspeedCheck.c,73 :: 		T2CON = 0b00111011;                        //Initializing Timer Module
0x0241	0x303B      	MOVLW      59
0x0242	0x0092      	MOVWF      T2CON
;CarOverspeedCheck.c,74 :: 		TMR2 = 0;
0x0243	0x0191      	CLRF       TMR2
;CarOverspeedCheck.c,75 :: 		PR2 = 0xFF;
0x0244	0x30FF      	MOVLW      255
0x0245	0x1683      	BSF        STATUS, 5
0x0246	0x0092      	MOVWF      PR2
;CarOverspeedCheck.c,76 :: 		delay = 0;
0x0247	0x1283      	BCF        STATUS, 5
0x0248	0x1057      	BCF        _delay, BitPos(_delay+0)
;CarOverspeedCheck.c,77 :: 		PIE1.TMR2IE = 1;
0x0249	0x1683      	BSF        STATUS, 5
0x024A	0x148C      	BSF        PIE1, 1
;CarOverspeedCheck.c,79 :: 		speedLimit = 20;
0x024B	0x3014      	MOVLW      20
0x024C	0x1283      	BCF        STATUS, 5
0x024D	0x00D4      	MOVWF      _speedLimit
;CarOverspeedCheck.c,81 :: 		while(1)
L_main9:
;CarOverspeedCheck.c,83 :: 		speed = counter;
0x024E	0x0855      	MOVF       _counter, 0
0x024F	0x00D3      	MOVWF      _speed
;CarOverspeedCheck.c,84 :: 		IntToStr(speed, txt);
0x0250	0x0855      	MOVF       _counter, 0
0x0251	0x00E1      	MOVWF      FARG_IntToStr_input
0x0252	0x01E2      	CLRF       FARG_IntToStr_input+1
0x0253	0x305A      	MOVLW      main_txt_L0
0x0254	0x00E3      	MOVWF      FARG_IntToStr_output
0x0255	0x210C      	CALL       _IntToStr
;CarOverspeedCheck.c,85 :: 		Lcd_Out(1,1,txt);
0x0256	0x3001      	MOVLW      1
0x0257	0x00E1      	MOVWF      FARG_Lcd_Out_row
0x0258	0x3001      	MOVLW      1
0x0259	0x00E2      	MOVWF      FARG_Lcd_Out_column
0x025A	0x305A      	MOVLW      main_txt_L0
0x025B	0x00E3      	MOVWF      FARG_Lcd_Out_text
0x025C	0x2176      	CALL       _Lcd_Out
;CarOverspeedCheck.c,86 :: 		if(PORTC.F1)
0x025D	0x1C87      	BTFSS      PORTC, 1
0x025E	0x2A67      	GOTO       L_main11
;CarOverspeedCheck.c,87 :: 		Lcd_Out(2, 1, "OVERSPEED");
0x025F	0x3002      	MOVLW      2
0x0260	0x00E1      	MOVWF      FARG_Lcd_Out_row
0x0261	0x3001      	MOVLW      1
0x0262	0x00E2      	MOVWF      FARG_Lcd_Out_column
0x0263	0x303C      	MOVLW      ?lstr3_CarOverspeedCheck
0x0264	0x00E3      	MOVWF      FARG_Lcd_Out_text
0x0265	0x2176      	CALL       _Lcd_Out
0x0266	0x2A6E      	GOTO       L_main12
L_main11:
;CarOverspeedCheck.c,89 :: 		Lcd_Out(2,1,"          ");
0x0267	0x3002      	MOVLW      2
0x0268	0x00E1      	MOVWF      FARG_Lcd_Out_row
0x0269	0x3001      	MOVLW      1
0x026A	0x00E2      	MOVWF      FARG_Lcd_Out_column
0x026B	0x3031      	MOVLW      ?lstr4_CarOverspeedCheck
0x026C	0x00E3      	MOVWF      FARG_Lcd_Out_text
0x026D	0x2176      	CALL       _Lcd_Out
L_main12:
;CarOverspeedCheck.c,90 :: 		if(delay){
0x026E	0x1C57      	BTFSS      _delay, BitPos(_delay+0)
0x026F	0x2A7D      	GOTO       L_main13
;CarOverspeedCheck.c,91 :: 		Delay_ms(150);
0x0270	0x3002      	MOVLW      2
0x0271	0x00FB      	MOVWF      R11
0x0272	0x3086      	MOVLW      134
0x0273	0x00FC      	MOVWF      R12
0x0274	0x3099      	MOVLW      153
0x0275	0x00FD      	MOVWF      R13
L_main14:
0x0276	0x0BFD      	DECFSZ     R13, 1
0x0277	0x2A76      	GOTO       L_main14
0x0278	0x0BFC      	DECFSZ     R12, 1
0x0279	0x2A76      	GOTO       L_main14
0x027A	0x0BFB      	DECFSZ     R11, 1
0x027B	0x2A76      	GOTO       L_main14
;CarOverspeedCheck.c,92 :: 		delay = 0;
0x027C	0x1057      	BCF        _delay, BitPos(_delay+0)
;CarOverspeedCheck.c,93 :: 		}
L_main13:
;CarOverspeedCheck.c,94 :: 		}
0x027D	0x2A4E      	GOTO       L_main9
;CarOverspeedCheck.c,95 :: 		}
L_end_main:
0x027E	0x2A7E      	GOTO       $+0
; end of _main
0x02B2	0x3023      	MOVLW      35
0x02B3	0x0084      	MOVWF      FSR
0x02B4	0x302E      	MOVLW      46
0x02B5	0x1283      	BCF        STATUS, 5
0x02B6	0x1303      	BCF        STATUS, 6
0x02B7	0x00F0      	MOVWF      R0
0x02B8	0x3084      	MOVLW      132
0x02B9	0x00D1      	MOVWF      ___DoICPAddr
0x02BA	0x3002      	MOVLW      2
0x02BB	0x00D2      	MOVWF      82
0x02BC	0x21B6      	CALL       438
0x02BD	0x0008      	RETURN
;CarOverspeedCheck.c,0 :: ?ICS?lstr1_CarOverspeedCheck
0x0284	0x3444 ;?ICS?lstr1_CarOverspeedCheck+0
0x0285	0x3465 ;?ICS?lstr1_CarOverspeedCheck+1
0x0286	0x3476 ;?ICS?lstr1_CarOverspeedCheck+2
0x0287	0x343A ;?ICS?lstr1_CarOverspeedCheck+3
0x0288	0x3420 ;?ICS?lstr1_CarOverspeedCheck+4
0x0289	0x3473 ;?ICS?lstr1_CarOverspeedCheck+5
0x028A	0x346B ;?ICS?lstr1_CarOverspeedCheck+6
0x028B	0x3461 ;?ICS?lstr1_CarOverspeedCheck+7
0x028C	0x346C ;?ICS?lstr1_CarOverspeedCheck+8
0x028D	0x3465 ;?ICS?lstr1_CarOverspeedCheck+9
0x028E	0x3473 ;?ICS?lstr1_CarOverspeedCheck+10
0x028F	0x346D ;?ICS?lstr1_CarOverspeedCheck+11
0x0290	0x3473 ;?ICS?lstr1_CarOverspeedCheck+12
0x0291	0x3400 ;?ICS?lstr1_CarOverspeedCheck+13
; end of ?ICS?lstr1_CarOverspeedCheck
;CarOverspeedCheck.c,0 :: ?ICS?lstr4_CarOverspeedCheck
0x0292	0x3420 ;?ICS?lstr4_CarOverspeedCheck+0
0x0293	0x3420 ;?ICS?lstr4_CarOverspeedCheck+1
0x0294	0x3420 ;?ICS?lstr4_CarOverspeedCheck+2
0x0295	0x3420 ;?ICS?lstr4_CarOverspeedCheck+3
0x0296	0x3420 ;?ICS?lstr4_CarOverspeedCheck+4
0x0297	0x3420 ;?ICS?lstr4_CarOverspeedCheck+5
0x0298	0x3420 ;?ICS?lstr4_CarOverspeedCheck+6
0x0299	0x3420 ;?ICS?lstr4_CarOverspeedCheck+7
0x029A	0x3420 ;?ICS?lstr4_CarOverspeedCheck+8
0x029B	0x3420 ;?ICS?lstr4_CarOverspeedCheck+9
0x029C	0x3400 ;?ICS?lstr4_CarOverspeedCheck+10
; end of ?ICS?lstr4_CarOverspeedCheck
;CarOverspeedCheck.c,0 :: ?ICS?lstr3_CarOverspeedCheck
0x029D	0x344F ;?ICS?lstr3_CarOverspeedCheck+0
0x029E	0x3456 ;?ICS?lstr3_CarOverspeedCheck+1
0x029F	0x3445 ;?ICS?lstr3_CarOverspeedCheck+2
0x02A0	0x3452 ;?ICS?lstr3_CarOverspeedCheck+3
0x02A1	0x3453 ;?ICS?lstr3_CarOverspeedCheck+4
0x02A2	0x3450 ;?ICS?lstr3_CarOverspeedCheck+5
0x02A3	0x3445 ;?ICS?lstr3_CarOverspeedCheck+6
0x02A4	0x3445 ;?ICS?lstr3_CarOverspeedCheck+7
0x02A5	0x3444 ;?ICS?lstr3_CarOverspeedCheck+8
0x02A6	0x3400 ;?ICS?lstr3_CarOverspeedCheck+9
; end of ?ICS?lstr3_CarOverspeedCheck
;CarOverspeedCheck.c,0 :: ?ICS?lstr2_CarOverspeedCheck
0x02A7	0x3440 ;?ICS?lstr2_CarOverspeedCheck+0
0x02A8	0x3467 ;?ICS?lstr2_CarOverspeedCheck+1
0x02A9	0x346D ;?ICS?lstr2_CarOverspeedCheck+2
0x02AA	0x3461 ;?ICS?lstr2_CarOverspeedCheck+3
0x02AB	0x3469 ;?ICS?lstr2_CarOverspeedCheck+4
0x02AC	0x346C ;?ICS?lstr2_CarOverspeedCheck+5
0x02AD	0x342E ;?ICS?lstr2_CarOverspeedCheck+6
0x02AE	0x3463 ;?ICS?lstr2_CarOverspeedCheck+7
0x02AF	0x346F ;?ICS?lstr2_CarOverspeedCheck+8
0x02B0	0x346D ;?ICS?lstr2_CarOverspeedCheck+9
0x02B1	0x3400 ;?ICS?lstr2_CarOverspeedCheck+10
; end of ?ICS?lstr2_CarOverspeedCheck
Symbol List:
//** Routines locations **
//ADDRESS    SIZE    PROCEDURE
//----------------------------------------------
0x0004      [69]    _interrupt
0x0049       [3]    _Delay_1us
0x004C       [7]    _Delay_50us
0x0053      [13]    _Delay_5500us
0x0060      [29]    _Div_16X16_U
0x007D      [64]    _Lcd_Cmd
0x00BD       [8]    _Lcd_Chr_CP
0x00C5       [7]    _____DoICP
0x00CC      [64]    _WordToStr
0x010C     [106]    _IntToStr
0x0176      [64]    _Lcd_Out
0x01B6      [12]    ___CC2DW
0x01C2      [78]    _Lcd_Init
0x0210     [110]    _main
//** Variables locations ** 
//ADDRESS    SIZE    VARIABLE
//----------------------------------------------
0x0000       [1]    INDF
0x0002       [1]    PCL
0x0003       [1]    STATUS
0x0004       [1]    FSR
0x0006       [1]    PORTB
0x0007       [1]    PORTC
0x0008       [0]    RD6_bit
0x0008       [0]    RD5_bit
0x0008       [0]    RD4_bit
0x0008       [0]    LCD_D5
0x0008       [0]    RD7_bit
0x0008       [0]    LCD_D7
0x0008       [0]    LCD_D6
0x0008       [0]    LCD_D4
0x0008       [0]    LCD_RS
0x0008       [0]    RD3_bit
0x0008       [0]    LCD_EN
0x0008       [0]    RD2_bit
0x000A       [1]    PCLATH
0x000B       [1]    INTCON
0x000C       [1]    PIR1
0x0011       [1]    TMR2
0x0012       [1]    T2CON
0x0023      [14]    ?lstr1_CarOverspeedCheck
0x0031      [11]    ?lstr4_CarOverspeedCheck
0x003C      [10]    ?lstr3_CarOverspeedCheck
0x0046      [11]    ?lstr2_CarOverspeedCheck
0x0051       [2]    ___DoICPAddr
0x0053       [1]    _speed
0x0054       [1]    _speedLimit
0x0055       [2]    _counter
0x0057       [0]    __Lib_Lcd_cmd_status
0x0057       [0]    _delay
0x0058       [1]    ___savePCLATH
0x0059       [1]    ___saveSTATUS
0x005A       [7]    main_txt_L0
0x0061       [1]    FARG_Lcd_Out_row
0x0061       [2]    FARG_IntToStr_input
0x0062       [1]    FARG_Lcd_Out_column
0x0063       [1]    FARG_IntToStr_output
0x0063       [1]    FARG_Lcd_Out_text
0x0064       [1]    Lcd_Out_i_L0
0x0064       [2]    IntToStr_i_L0
0x0066       [2]    IntToStr_negative_L0
0x0068       [2]    IntToStr_inword_L0
0x006A       [1]    FARG_Lcd_Chr_CP_out_char
0x006A       [2]    FARG_WordToStr_input
0x006C       [1]    FARG_WordToStr_output
0x006D       [1]    WordToStr_len_L0
0x006E       [1]    FLOC__WordToStr
0x006F       [1]    FARG_Lcd_Cmd_out_char
0x0070       [1]    R0
0x0071       [1]    R1
0x0072       [1]    R2
0x0073       [1]    R3
0x0074       [1]    R4
0x0075       [1]    R5
0x0076       [1]    R6
0x0077       [1]    R7
0x0078       [1]    R8
0x0079       [1]    R9
0x007A       [1]    R10
0x007B       [1]    R11
0x007C       [1]    R12
0x007D       [1]    R13
0x007E       [1]    R14
0x007F       [1]    R15
0x0086       [1]    TRISB
0x0087       [1]    TRISC
0x0088       [0]    TRISD6_bit
0x0088       [0]    TRISD7_bit
0x0088       [0]    TRISD4_bit
0x0088       [0]    TRISD5_bit
0x0088       [0]    LCD_D7_Direction
0x0088       [0]    LCD_EN_Direction
0x0088       [0]    LCD_D6_Direction
0x0088       [0]    LCD_D4_Direction
0x0088       [0]    LCD_RS_Direction
0x0088       [0]    TRISD3_bit
0x0088       [0]    LCD_D5_Direction
0x0088       [0]    TRISD2_bit
0x008C       [1]    PIE1
0x0092       [1]    PR2
//** Constants locations ** 
//ADDRESS    SIZE    CONSTANT
//----------------------------------------------
0x0284      [14]    ?ICS?lstr1_CarOverspeedCheck
0x0292      [11]    ?ICS?lstr4_CarOverspeedCheck
0x029D      [10]    ?ICS?lstr3_CarOverspeedCheck
0x02A7      [11]    ?ICS?lstr2_CarOverspeedCheck
